{"D:\\react native\\Shopping\\src\\components\\user\\profile.js": {"path":"D:\\react native\\Shopping\\src\\components\\user\\profile.js","statementMap":{"0":{"start":{"line":12,"column":19},"end":{"line":24,"column":2}},"1":{"start":{"line":27,"column":16},"end":{"line":178,"column":1}},"2":{"start":{"line":28,"column":23},"end":{"line":28,"column":38}},"3":{"start":{"line":29,"column":40},"end":{"line":29,"column":55}},"4":{"start":{"line":30,"column":36},"end":{"line":30,"column":48}},"5":{"start":{"line":31,"column":25},"end":{"line":31,"column":47}},"6":{"start":{"line":34,"column":4},"end":{"line":36,"column":10}},"7":{"start":{"line":35,"column":8},"end":{"line":35,"column":21}},"8":{"start":{"line":39,"column":24},"end":{"line":45,"column":5}},"9":{"start":{"line":40,"column":18},"end":{"line":40,"column":55}},"10":{"start":{"line":42,"column":8},"end":{"line":44,"column":41}},"11":{"start":{"line":43,"column":23},"end":{"line":43,"column":44}},"12":{"start":{"line":44,"column":24},"end":{"line":44,"column":40}},"13":{"start":{"line":49,"column":25},"end":{"line":60,"column":5}},"14":{"start":{"line":50,"column":8},"end":{"line":50,"column":28}},"15":{"start":{"line":51,"column":21},"end":{"line":51,"column":106}},"16":{"start":{"line":52,"column":20},"end":{"line":52,"column":57}},"17":{"start":{"line":54,"column":20},"end":{"line":54,"column":117}},"18":{"start":{"line":55,"column":8},"end":{"line":55,"column":30}},"19":{"start":{"line":56,"column":8},"end":{"line":56,"column":28}},"20":{"start":{"line":57,"column":8},"end":{"line":59,"column":9}},"21":{"start":{"line":61,"column":21},"end":{"line":63,"column":5}},"22":{"start":{"line":62,"column":8},"end":{"line":62,"column":27}},"23":{"start":{"line":65,"column":4},"end":{"line":177,"column":5}},"24":{"start":{"line":69,"column":20},"end":{"line":173,"column":27}},"25":{"start":{"line":77,"column":61},"end":{"line":77,"column":71}},"26":{"start":{"line":89,"column":55},"end":{"line":89,"column":86}},"27":{"start":{"line":95,"column":55},"end":{"line":95,"column":88}},"28":{"start":{"line":103,"column":36},"end":{"line":120,"column":38}},"29":{"start":{"line":106,"column":61},"end":{"line":106,"column":91}},"30":{"start":{"line":112,"column":48},"end":{"line":112,"column":74}},"31":{"start":{"line":113,"column":48},"end":{"line":113,"column":63}},"32":{"start":{"line":114,"column":48},"end":{"line":116,"column":49}},"33":{"start":{"line":134,"column":230},"end":{"line":134,"column":250}},"34":{"start":{"line":136,"column":36},"end":{"line":164,"column":37}},"35":{"start":{"line":161,"column":108},"end":{"line":161,"column":128}}},"fnMap":{"0":{"name":"(anonymous_0)","decl":{"start":{"line":27,"column":16},"end":{"line":27,"column":17}},"loc":{"start":{"line":27,"column":22},"end":{"line":178,"column":1}},"line":27},"1":{"name":"(anonymous_1)","decl":{"start":{"line":34,"column":14},"end":{"line":34,"column":15}},"loc":{"start":{"line":34,"column":20},"end":{"line":36,"column":5}},"line":34},"2":{"name":"(anonymous_2)","decl":{"start":{"line":39,"column":24},"end":{"line":39,"column":25}},"loc":{"start":{"line":39,"column":36},"end":{"line":45,"column":5}},"line":39},"3":{"name":"(anonymous_3)","decl":{"start":{"line":43,"column":14},"end":{"line":43,"column":15}},"loc":{"start":{"line":43,"column":23},"end":{"line":43,"column":44}},"line":43},"4":{"name":"(anonymous_4)","decl":{"start":{"line":44,"column":15},"end":{"line":44,"column":16}},"loc":{"start":{"line":44,"column":24},"end":{"line":44,"column":40}},"line":44},"5":{"name":"(anonymous_5)","decl":{"start":{"line":49,"column":25},"end":{"line":49,"column":26}},"loc":{"start":{"line":49,"column":43},"end":{"line":60,"column":5}},"line":49},"6":{"name":"(anonymous_6)","decl":{"start":{"line":61,"column":21},"end":{"line":61,"column":22}},"loc":{"start":{"line":61,"column":27},"end":{"line":63,"column":5}},"line":61},"7":{"name":"(anonymous_7)","decl":{"start":{"line":68,"column":16},"end":{"line":68,"column":17}},"loc":{"start":{"line":69,"column":20},"end":{"line":173,"column":27}},"line":69},"8":{"name":"(anonymous_8)","decl":{"start":{"line":77,"column":55},"end":{"line":77,"column":56}},"loc":{"start":{"line":77,"column":61},"end":{"line":77,"column":71}},"line":77},"9":{"name":"(anonymous_9)","decl":{"start":{"line":89,"column":49},"end":{"line":89,"column":50}},"loc":{"start":{"line":89,"column":55},"end":{"line":89,"column":86}},"line":89},"10":{"name":"(anonymous_10)","decl":{"start":{"line":95,"column":49},"end":{"line":95,"column":50}},"loc":{"start":{"line":95,"column":55},"end":{"line":95,"column":88}},"line":95},"11":{"name":"(anonymous_11)","decl":{"start":{"line":102,"column":41},"end":{"line":102,"column":42}},"loc":{"start":{"line":102,"column":47},"end":{"line":121,"column":33}},"line":102},"12":{"name":"(anonymous_12)","decl":{"start":{"line":106,"column":53},"end":{"line":106,"column":54}},"loc":{"start":{"line":106,"column":59},"end":{"line":106,"column":93}},"line":106},"13":{"name":"(anonymous_13)","decl":{"start":{"line":111,"column":53},"end":{"line":111,"column":54}},"loc":{"start":{"line":111,"column":65},"end":{"line":117,"column":45}},"line":111},"14":{"name":"(anonymous_14)","decl":{"start":{"line":134,"column":218},"end":{"line":134,"column":219}},"loc":{"start":{"line":134,"column":230},"end":{"line":134,"column":250}},"line":134},"15":{"name":"(anonymous_15)","decl":{"start":{"line":135,"column":33},"end":{"line":135,"column":34}},"loc":{"start":{"line":135,"column":106},"end":{"line":165,"column":33}},"line":135},"16":{"name":"(anonymous_16)","decl":{"start":{"line":161,"column":102},"end":{"line":161,"column":103}},"loc":{"start":{"line":161,"column":108},"end":{"line":161,"column":128}},"line":161}},"branchMap":{"0":{"loc":{"start":{"line":82,"column":107},"end":{"line":82,"column":133}},"type":"binary-expr","locations":[{"start":{"line":82,"column":107},"end":{"line":82,"column":115}},{"start":{"line":82,"column":119},"end":{"line":82,"column":133}}],"line":82},"1":{"loc":{"start":{"line":83,"column":102},"end":{"line":83,"column":131}},"type":"binary-expr","locations":[{"start":{"line":83,"column":102},"end":{"line":83,"column":110}},{"start":{"line":83,"column":114},"end":{"line":83,"column":131}}],"line":83},"2":{"loc":{"start":{"line":84,"column":106},"end":{"line":84,"column":138}},"type":"binary-expr","locations":[{"start":{"line":84,"column":106},"end":{"line":84,"column":114}},{"start":{"line":84,"column":118},"end":{"line":84,"column":138}}],"line":84},"3":{"loc":{"start":{"line":134,"column":96},"end":{"line":134,"column":128}},"type":"binary-expr","locations":[{"start":{"line":134,"column":96},"end":{"line":134,"column":104}},{"start":{"line":134,"column":108},"end":{"line":134,"column":128}}],"line":134},"4":{"loc":{"start":{"line":134,"column":137},"end":{"line":134,"column":163}},"type":"binary-expr","locations":[{"start":{"line":134,"column":137},"end":{"line":134,"column":145}},{"start":{"line":134,"column":149},"end":{"line":134,"column":163}}],"line":134},"5":{"loc":{"start":{"line":134,"column":175},"end":{"line":134,"column":204}},"type":"binary-expr","locations":[{"start":{"line":134,"column":175},"end":{"line":134,"column":183}},{"start":{"line":134,"column":187},"end":{"line":134,"column":204}}],"line":134}},"s":{"0":1,"1":1,"2":7,"3":7,"4":6,"5":6,"6":6,"7":3,"8":6,"9":3,"10":3,"11":1,"12":0,"13":6,"14":0,"15":0,"16":0,"17":0,"18":0,"19":0,"20":0,"21":6,"22":2,"23":6,"24":6,"25":2,"26":0,"27":0,"28":1,"29":0,"30":0,"31":0,"32":0,"33":0,"34":8,"35":0},"f":{"0":7,"1":3,"2":3,"3":1,"4":0,"5":0,"6":2,"7":6,"8":2,"9":0,"10":0,"11":1,"12":0,"13":0,"14":0,"15":8,"16":0},"b":{"0":[6,6],"1":[6,6],"2":[6,6],"3":[6,6],"4":[6,6],"5":[6,6]},"_coverageSchema":"1a1c01bbd47fc00a2c39e90264f33305004495a9","hash":"bdf4ef9af73593b637cd60d6ab5129eb81180ac4"}
,"D:\\react native\\Shopping\\src\\shared\\context.js": {"path":"D:\\react native\\Shopping\\src\\shared\\context.js","statementMap":{"0":{"start":{"line":3,"column":19},"end":{"line":16,"column":2}}},"fnMap":{"0":{"name":"(anonymous_0)","decl":{"start":{"line":5,"column":12},"end":{"line":5,"column":13}},"loc":{"start":{"line":5,"column":17},"end":{"line":5,"column":19}},"line":5},"1":{"name":"(anonymous_1)","decl":{"start":{"line":7,"column":16},"end":{"line":7,"column":17}},"loc":{"start":{"line":7,"column":22},"end":{"line":7,"column":24}},"line":7},"2":{"name":"(anonymous_2)","decl":{"start":{"line":9,"column":18},"end":{"line":9,"column":19}},"loc":{"start":{"line":9,"column":22},"end":{"line":9,"column":24}},"line":9},"3":{"name":"(anonymous_3)","decl":{"start":{"line":11,"column":13},"end":{"line":11,"column":14}},"loc":{"start":{"line":11,"column":19},"end":{"line":11,"column":21}},"line":11},"4":{"name":"(anonymous_4)","decl":{"start":{"line":13,"column":13},"end":{"line":13,"column":14}},"loc":{"start":{"line":13,"column":19},"end":{"line":13,"column":21}},"line":13},"5":{"name":"(anonymous_5)","decl":{"start":{"line":15,"column":14},"end":{"line":15,"column":15}},"loc":{"start":{"line":15,"column":20},"end":{"line":15,"column":22}},"line":15}},"branchMap":{},"s":{"0":1},"f":{"0":0,"1":0,"2":0,"3":0,"4":0,"5":0},"b":{},"_coverageSchema":"1a1c01bbd47fc00a2c39e90264f33305004495a9","hash":"cb353c24aafc8e078674b4b3316575d5c4f9a47e"}
,"D:\\react native\\Shopping\\src\\styles\\deals.js": {"path":"D:\\react native\\Shopping\\src\\styles\\deals.js","statementMap":{"0":{"start":{"line":3,"column":27},"end":{"line":27,"column":2}}},"fnMap":{},"branchMap":{},"s":{"0":1},"f":{},"b":{},"_coverageSchema":"1a1c01bbd47fc00a2c39e90264f33305004495a9","hash":"5a15c6297d34975832ddd58b30655899b4e1b5b9"}
,"D:\\react native\\Shopping\\src\\styles\\home.js": {"path":"D:\\react native\\Shopping\\src\\styles\\home.js","statementMap":{"0":{"start":{"line":3,"column":26},"end":{"line":79,"column":2}}},"fnMap":{},"branchMap":{},"s":{"0":1},"f":{},"b":{},"_coverageSchema":"1a1c01bbd47fc00a2c39e90264f33305004495a9","hash":"ecb60e9ccb3fa3a95de4b04fc3863aad5c2df57b"}
,"D:\\react native\\Shopping\\src\\styles\\myCart.js": {"path":"D:\\react native\\Shopping\\src\\styles\\myCart.js","statementMap":{"0":{"start":{"line":3,"column":28},"end":{"line":89,"column":2}}},"fnMap":{},"branchMap":{},"s":{"0":1},"f":{},"b":{},"_coverageSchema":"1a1c01bbd47fc00a2c39e90264f33305004495a9","hash":"5cf8c90c8d05078733bc6ec5bd9b05835ff35df2"}
,"D:\\react native\\Shopping\\src\\styles\\splash.js": {"path":"D:\\react native\\Shopping\\src\\styles\\splash.js","statementMap":{"0":{"start":{"line":3,"column":28},"end":{"line":10,"column":2}}},"fnMap":{},"branchMap":{},"s":{"0":1},"f":{},"b":{},"_coverageSchema":"1a1c01bbd47fc00a2c39e90264f33305004495a9","hash":"084eded3d46377a550e9d84e1ff69c85d0259eeb"}
,"D:\\react native\\Shopping\\src\\styles\\themes.js": {"path":"D:\\react native\\Shopping\\src\\styles\\themes.js","statementMap":{"0":{"start":{"line":16,"column":12},"end":{"line":31,"column":1}}},"fnMap":{},"branchMap":{},"s":{"0":1},"f":{},"b":{},"_coverageSchema":"1a1c01bbd47fc00a2c39e90264f33305004495a9","hash":"8665b2b7011cc2ad8b0b0cd60eaa8ad978c54913"}
,"D:\\react native\\Shopping\\src\\styles\\auth\\signIn.js": {"path":"D:\\react native\\Shopping\\src\\styles\\auth\\signIn.js","statementMap":{"0":{"start":{"line":2,"column":28},"end":{"line":72,"column":2}}},"fnMap":{},"branchMap":{},"s":{"0":1},"f":{},"b":{},"_coverageSchema":"1a1c01bbd47fc00a2c39e90264f33305004495a9","hash":"dd2d6fca6b47410176e7ae808ec4bf3e2c5a054f"}
,"D:\\react native\\Shopping\\src\\styles\\auth\\signUp.js": {"path":"D:\\react native\\Shopping\\src\\styles\\auth\\signUp.js","statementMap":{"0":{"start":{"line":2,"column":28},"end":{"line":71,"column":2}}},"fnMap":{},"branchMap":{},"s":{"0":1},"f":{},"b":{},"_coverageSchema":"1a1c01bbd47fc00a2c39e90264f33305004495a9","hash":"d778d8ddfec8d7a0b5db3a1a0096c36c8e43d8f4"}
,"D:\\react native\\Shopping\\src\\styles\\products\\electronics.js": {"path":"D:\\react native\\Shopping\\src\\styles\\products\\electronics.js","statementMap":{"0":{"start":{"line":3,"column":32},"end":{"line":77,"column":2}}},"fnMap":{},"branchMap":{},"s":{"0":1},"f":{},"b":{},"_coverageSchema":"1a1c01bbd47fc00a2c39e90264f33305004495a9","hash":"7f95c6832e5e38641726a7fe3561e7957bbb242f"}
,"D:\\react native\\Shopping\\src\\styles\\products\\fashion.js": {"path":"D:\\react native\\Shopping\\src\\styles\\products\\fashion.js","statementMap":{"0":{"start":{"line":3,"column":29},"end":{"line":77,"column":2}}},"fnMap":{},"branchMap":{},"s":{"0":1},"f":{},"b":{},"_coverageSchema":"1a1c01bbd47fc00a2c39e90264f33305004495a9","hash":"aa3ca70cca9507f985ae34c13b124e2d9b9e5bfc"}
,"D:\\react native\\Shopping\\src\\styles\\products\\grocery.js": {"path":"D:\\react native\\Shopping\\src\\styles\\products\\grocery.js","statementMap":{"0":{"start":{"line":3,"column":29},"end":{"line":76,"column":2}}},"fnMap":{},"branchMap":{},"s":{"0":1},"f":{},"b":{},"_coverageSchema":"1a1c01bbd47fc00a2c39e90264f33305004495a9","hash":"e6371994aeb51594ee96220e456e18174d437eab"}
,"D:\\react native\\Shopping\\src\\styles\\products\\mobiles.js": {"path":"D:\\react native\\Shopping\\src\\styles\\products\\mobiles.js","statementMap":{"0":{"start":{"line":3,"column":28},"end":{"line":77,"column":2}}},"fnMap":{},"branchMap":{},"s":{"0":1},"f":{},"b":{},"_coverageSchema":"1a1c01bbd47fc00a2c39e90264f33305004495a9","hash":"b141c2ce2a47e7b8d95e962529b0a697a1e413d1"}
,"D:\\react native\\Shopping\\src\\styles\\products\\productDetails.js": {"path":"D:\\react native\\Shopping\\src\\styles\\products\\productDetails.js","statementMap":{"0":{"start":{"line":3,"column":30},"end":{"line":72,"column":2}}},"fnMap":{},"branchMap":{},"s":{"0":1},"f":{},"b":{},"_coverageSchema":"1a1c01bbd47fc00a2c39e90264f33305004495a9","hash":"484db7ef937cbe5b753e4f801c3f4b96f9e99d38"}
,"D:\\react native\\Shopping\\src\\styles\\userStyles\\myOrders.js": {"path":"D:\\react native\\Shopping\\src\\styles\\userStyles\\myOrders.js","statementMap":{"0":{"start":{"line":3,"column":24},"end":{"line":69,"column":2}}},"fnMap":{},"branchMap":{},"s":{"0":1},"f":{},"b":{},"_coverageSchema":"1a1c01bbd47fc00a2c39e90264f33305004495a9","hash":"c6e9326745619944cfcf422a6f499bb6f6aa4a46"}
,"D:\\react native\\Shopping\\src\\styles\\userStyles\\myWishlist.js": {"path":"D:\\react native\\Shopping\\src\\styles\\userStyles\\myWishlist.js","statementMap":{"0":{"start":{"line":3,"column":26},"end":{"line":64,"column":2}}},"fnMap":{},"branchMap":{},"s":{"0":1},"f":{},"b":{},"_coverageSchema":"1a1c01bbd47fc00a2c39e90264f33305004495a9","hash":"4c2bcccbefdfa4ad1c03fc522d4e0bfd816685e8"}
,"D:\\react native\\Shopping\\src\\styles\\userStyles\\profile.js": {"path":"D:\\react native\\Shopping\\src\\styles\\userStyles\\profile.js","statementMap":{"0":{"start":{"line":2,"column":29},"end":{"line":128,"column":2}}},"fnMap":{},"branchMap":{},"s":{"0":1},"f":{},"b":{},"_coverageSchema":"1a1c01bbd47fc00a2c39e90264f33305004495a9","hash":"6a97c887b36dbdb0bf99428ef7a038c857b3d684"}
}
