{"D:\\react native\\Shopping\\src\\components\\auth\\signin.js": {"path":"D:\\react native\\Shopping\\src\\components\\auth\\signin.js","statementMap":{"0":{"start":{"line":10,"column":15},"end":{"line":177,"column":1}},"1":{"start":{"line":11,"column":46},"end":{"line":11,"column":68}},"2":{"start":{"line":12,"column":30},"end":{"line":12,"column":42}},"3":{"start":{"line":13,"column":36},"end":{"line":13,"column":48}},"4":{"start":{"line":14,"column":36},"end":{"line":14,"column":48}},"5":{"start":{"line":15,"column":34},"end":{"line":15,"column":49}},"6":{"start":{"line":16,"column":44},"end":{"line":16,"column":56}},"7":{"start":{"line":17,"column":42},"end":{"line":17,"column":54}},"8":{"start":{"line":20,"column":4},"end":{"line":22,"column":14}},"9":{"start":{"line":21,"column":8},"end":{"line":21,"column":17}},"10":{"start":{"line":25,"column":20},"end":{"line":41,"column":5}},"11":{"start":{"line":26,"column":6},"end":{"line":40,"column":7}},"12":{"start":{"line":28,"column":22},"end":{"line":28,"column":107}},"13":{"start":{"line":29,"column":10},"end":{"line":36,"column":11}},"14":{"start":{"line":30,"column":14},"end":{"line":30,"column":51}},"15":{"start":{"line":31,"column":14},"end":{"line":31,"column":51}},"16":{"start":{"line":32,"column":14},"end":{"line":32,"column":39}},"17":{"start":{"line":35,"column":12},"end":{"line":35,"column":31}},"18":{"start":{"line":39,"column":8},"end":{"line":39,"column":29}},"19":{"start":{"line":43,"column":33},"end":{"line":45,"column":5}},"20":{"start":{"line":44,"column":8},"end":{"line":44,"column":19}},"21":{"start":{"line":46,"column":36},"end":{"line":48,"column":5}},"22":{"start":{"line":47,"column":8},"end":{"line":47,"column":22}},"23":{"start":{"line":50,"column":25},"end":{"line":79,"column":5}},"24":{"start":{"line":51,"column":8},"end":{"line":58,"column":10}},"25":{"start":{"line":52,"column":12},"end":{"line":57,"column":13}},"26":{"start":{"line":53,"column":16},"end":{"line":53,"column":52}},"27":{"start":{"line":54,"column":16},"end":{"line":56,"column":17}},"28":{"start":{"line":60,"column":20},"end":{"line":60,"column":25}},"29":{"start":{"line":61,"column":8},"end":{"line":78,"column":9}},"30":{"start":{"line":62,"column":12},"end":{"line":62,"column":57}},"31":{"start":{"line":63,"column":26},"end":{"line":63,"column":62}},"32":{"start":{"line":64,"column":12},"end":{"line":71,"column":14}},"33":{"start":{"line":65,"column":16},"end":{"line":70,"column":17}},"34":{"start":{"line":66,"column":20},"end":{"line":66,"column":32}},"35":{"start":{"line":67,"column":20},"end":{"line":67,"column":63}},"36":{"start":{"line":68,"column":20},"end":{"line":68,"column":77}},"37":{"start":{"line":69,"column":20},"end":{"line":69,"column":34}},"38":{"start":{"line":72,"column":12},"end":{"line":74,"column":13}},"39":{"start":{"line":73,"column":16},"end":{"line":73,"column":118}},"40":{"start":{"line":77,"column":12},"end":{"line":77,"column":89}},"41":{"start":{"line":83,"column":4},"end":{"line":176,"column":6}},"42":{"start":{"line":87,"column":20},"end":{"line":171,"column":27}},"43":{"start":{"line":120,"column":53},"end":{"line":120,"column":73}},"44":{"start":{"line":128,"column":47},"end":{"line":128,"column":76}},"45":{"start":{"line":144,"column":43},"end":{"line":144,"column":72}}},"fnMap":{"0":{"name":"(anonymous_0)","decl":{"start":{"line":10,"column":15},"end":{"line":10,"column":16}},"loc":{"start":{"line":10,"column":35},"end":{"line":177,"column":1}},"line":10},"1":{"name":"(anonymous_1)","decl":{"start":{"line":20,"column":14},"end":{"line":20,"column":15}},"loc":{"start":{"line":20,"column":20},"end":{"line":22,"column":5}},"line":20},"2":{"name":"(anonymous_2)","decl":{"start":{"line":25,"column":20},"end":{"line":25,"column":21}},"loc":{"start":{"line":25,"column":32},"end":{"line":41,"column":5}},"line":25},"3":{"name":"(anonymous_3)","decl":{"start":{"line":43,"column":33},"end":{"line":43,"column":34}},"loc":{"start":{"line":43,"column":38},"end":{"line":45,"column":5}},"line":43},"4":{"name":"(anonymous_4)","decl":{"start":{"line":46,"column":36},"end":{"line":46,"column":37}},"loc":{"start":{"line":46,"column":41},"end":{"line":48,"column":5}},"line":46},"5":{"name":"(anonymous_5)","decl":{"start":{"line":50,"column":25},"end":{"line":50,"column":26}},"loc":{"start":{"line":50,"column":31},"end":{"line":79,"column":5}},"line":50},"6":{"name":"(anonymous_6)","decl":{"start":{"line":51,"column":24},"end":{"line":51,"column":25}},"loc":{"start":{"line":51,"column":31},"end":{"line":58,"column":9}},"line":51},"7":{"name":"(anonymous_7)","decl":{"start":{"line":64,"column":25},"end":{"line":64,"column":26}},"loc":{"start":{"line":64,"column":40},"end":{"line":71,"column":13}},"line":64},"8":{"name":"(anonymous_8)","decl":{"start":{"line":86,"column":16},"end":{"line":86,"column":17}},"loc":{"start":{"line":87,"column":20},"end":{"line":171,"column":27}},"line":87},"9":{"name":"(anonymous_9)","decl":{"start":{"line":120,"column":45},"end":{"line":120,"column":46}},"loc":{"start":{"line":120,"column":51},"end":{"line":120,"column":75}},"line":120},"10":{"name":"(anonymous_10)","decl":{"start":{"line":128,"column":41},"end":{"line":128,"column":42}},"loc":{"start":{"line":128,"column":47},"end":{"line":128,"column":76}},"line":128},"11":{"name":"(anonymous_11)","decl":{"start":{"line":144,"column":37},"end":{"line":144,"column":38}},"loc":{"start":{"line":144,"column":43},"end":{"line":144,"column":72}},"line":144}},"branchMap":{"0":{"loc":{"start":{"line":29,"column":10},"end":{"line":36,"column":11}},"type":"if","locations":[{"start":{"line":29,"column":10},"end":{"line":36,"column":11}},{"start":{"line":34,"column":14},"end":{"line":36,"column":11}}],"line":29},"1":{"loc":{"start":{"line":52,"column":12},"end":{"line":57,"column":13}},"type":"if","locations":[{"start":{"line":52,"column":12},"end":{"line":57,"column":13}},{"start":{},"end":{}}],"line":52},"2":{"loc":{"start":{"line":61,"column":8},"end":{"line":78,"column":9}},"type":"if","locations":[{"start":{"line":61,"column":8},"end":{"line":78,"column":9}},{"start":{"line":76,"column":13},"end":{"line":78,"column":9}}],"line":61},"3":{"loc":{"start":{"line":65,"column":16},"end":{"line":70,"column":17}},"type":"if","locations":[{"start":{"line":65,"column":16},"end":{"line":70,"column":17}},{"start":{},"end":{}}],"line":65},"4":{"loc":{"start":{"line":65,"column":20},"end":{"line":65,"column":80}},"type":"binary-expr","locations":[{"start":{"line":65,"column":20},"end":{"line":65,"column":45}},{"start":{"line":65,"column":49},"end":{"line":65,"column":80}}],"line":65},"5":{"loc":{"start":{"line":72,"column":12},"end":{"line":74,"column":13}},"type":"if","locations":[{"start":{"line":72,"column":12},"end":{"line":74,"column":13}},{"start":{},"end":{}}],"line":72},"6":{"loc":{"start":{"line":119,"column":44},"end":{"line":119,"column":73}},"type":"cond-expr","locations":[{"start":{"line":119,"column":54},"end":{"line":119,"column":59}},{"start":{"line":119,"column":62},"end":{"line":119,"column":73}}],"line":119}},"s":{"0":1,"1":6,"2":6,"3":6,"4":6,"5":6,"6":6,"7":6,"8":6,"9":2,"10":6,"11":2,"12":2,"13":0,"14":0,"15":0,"16":0,"17":0,"18":2,"19":6,"20":2,"21":6,"22":1,"23":6,"24":1,"25":0,"26":0,"27":0,"28":1,"29":1,"30":1,"31":1,"32":1,"33":0,"34":0,"35":0,"36":0,"37":0,"38":1,"39":1,"40":0,"41":6,"42":6,"43":1,"44":0,"45":0},"f":{"0":6,"1":2,"2":2,"3":2,"4":1,"5":1,"6":0,"7":0,"8":6,"9":1,"10":0,"11":0},"b":{"0":[0,0],"1":[0,0],"2":[1,0],"3":[0,0],"4":[0,0],"5":[1,0],"6":[1,5]},"_coverageSchema":"1a1c01bbd47fc00a2c39e90264f33305004495a9","hash":"6262ba033bced2077a5c365367478508582bd6b1"}
,"D:\\react native\\Shopping\\src\\shared\\context.js": {"path":"D:\\react native\\Shopping\\src\\shared\\context.js","statementMap":{"0":{"start":{"line":3,"column":19},"end":{"line":16,"column":2}}},"fnMap":{"0":{"name":"(anonymous_0)","decl":{"start":{"line":5,"column":12},"end":{"line":5,"column":13}},"loc":{"start":{"line":5,"column":17},"end":{"line":5,"column":19}},"line":5},"1":{"name":"(anonymous_1)","decl":{"start":{"line":7,"column":16},"end":{"line":7,"column":17}},"loc":{"start":{"line":7,"column":22},"end":{"line":7,"column":24}},"line":7},"2":{"name":"(anonymous_2)","decl":{"start":{"line":9,"column":18},"end":{"line":9,"column":19}},"loc":{"start":{"line":9,"column":22},"end":{"line":9,"column":24}},"line":9},"3":{"name":"(anonymous_3)","decl":{"start":{"line":11,"column":13},"end":{"line":11,"column":14}},"loc":{"start":{"line":11,"column":19},"end":{"line":11,"column":21}},"line":11},"4":{"name":"(anonymous_4)","decl":{"start":{"line":13,"column":13},"end":{"line":13,"column":14}},"loc":{"start":{"line":13,"column":19},"end":{"line":13,"column":21}},"line":13},"5":{"name":"(anonymous_5)","decl":{"start":{"line":15,"column":14},"end":{"line":15,"column":15}},"loc":{"start":{"line":15,"column":20},"end":{"line":15,"column":22}},"line":15}},"branchMap":{},"s":{"0":1},"f":{"0":0,"1":0,"2":0,"3":1,"4":0,"5":0},"b":{},"_coverageSchema":"1a1c01bbd47fc00a2c39e90264f33305004495a9","hash":"cb353c24aafc8e078674b4b3316575d5c4f9a47e"}
,"D:\\react native\\Shopping\\src\\styles\\deals.js": {"path":"D:\\react native\\Shopping\\src\\styles\\deals.js","statementMap":{"0":{"start":{"line":3,"column":27},"end":{"line":27,"column":2}}},"fnMap":{},"branchMap":{},"s":{"0":1},"f":{},"b":{},"_coverageSchema":"1a1c01bbd47fc00a2c39e90264f33305004495a9","hash":"5a15c6297d34975832ddd58b30655899b4e1b5b9"}
,"D:\\react native\\Shopping\\src\\styles\\home.js": {"path":"D:\\react native\\Shopping\\src\\styles\\home.js","statementMap":{"0":{"start":{"line":3,"column":26},"end":{"line":79,"column":2}}},"fnMap":{},"branchMap":{},"s":{"0":1},"f":{},"b":{},"_coverageSchema":"1a1c01bbd47fc00a2c39e90264f33305004495a9","hash":"ecb60e9ccb3fa3a95de4b04fc3863aad5c2df57b"}
,"D:\\react native\\Shopping\\src\\styles\\myCart.js": {"path":"D:\\react native\\Shopping\\src\\styles\\myCart.js","statementMap":{"0":{"start":{"line":3,"column":28},"end":{"line":89,"column":2}}},"fnMap":{},"branchMap":{},"s":{"0":1},"f":{},"b":{},"_coverageSchema":"1a1c01bbd47fc00a2c39e90264f33305004495a9","hash":"5cf8c90c8d05078733bc6ec5bd9b05835ff35df2"}
,"D:\\react native\\Shopping\\src\\styles\\splash.js": {"path":"D:\\react native\\Shopping\\src\\styles\\splash.js","statementMap":{"0":{"start":{"line":3,"column":28},"end":{"line":10,"column":2}}},"fnMap":{},"branchMap":{},"s":{"0":1},"f":{},"b":{},"_coverageSchema":"1a1c01bbd47fc00a2c39e90264f33305004495a9","hash":"084eded3d46377a550e9d84e1ff69c85d0259eeb"}
,"D:\\react native\\Shopping\\src\\styles\\themes.js": {"path":"D:\\react native\\Shopping\\src\\styles\\themes.js","statementMap":{"0":{"start":{"line":16,"column":12},"end":{"line":31,"column":1}}},"fnMap":{},"branchMap":{},"s":{"0":1},"f":{},"b":{},"_coverageSchema":"1a1c01bbd47fc00a2c39e90264f33305004495a9","hash":"8665b2b7011cc2ad8b0b0cd60eaa8ad978c54913"}
,"D:\\react native\\Shopping\\src\\styles\\auth\\signIn.js": {"path":"D:\\react native\\Shopping\\src\\styles\\auth\\signIn.js","statementMap":{"0":{"start":{"line":2,"column":28},"end":{"line":72,"column":2}}},"fnMap":{},"branchMap":{},"s":{"0":1},"f":{},"b":{},"_coverageSchema":"1a1c01bbd47fc00a2c39e90264f33305004495a9","hash":"dd2d6fca6b47410176e7ae808ec4bf3e2c5a054f"}
,"D:\\react native\\Shopping\\src\\styles\\auth\\signUp.js": {"path":"D:\\react native\\Shopping\\src\\styles\\auth\\signUp.js","statementMap":{"0":{"start":{"line":2,"column":28},"end":{"line":71,"column":2}}},"fnMap":{},"branchMap":{},"s":{"0":1},"f":{},"b":{},"_coverageSchema":"1a1c01bbd47fc00a2c39e90264f33305004495a9","hash":"d778d8ddfec8d7a0b5db3a1a0096c36c8e43d8f4"}
,"D:\\react native\\Shopping\\src\\styles\\products\\electronics.js": {"path":"D:\\react native\\Shopping\\src\\styles\\products\\electronics.js","statementMap":{"0":{"start":{"line":3,"column":32},"end":{"line":77,"column":2}}},"fnMap":{},"branchMap":{},"s":{"0":1},"f":{},"b":{},"_coverageSchema":"1a1c01bbd47fc00a2c39e90264f33305004495a9","hash":"7f95c6832e5e38641726a7fe3561e7957bbb242f"}
,"D:\\react native\\Shopping\\src\\styles\\products\\fashion.js": {"path":"D:\\react native\\Shopping\\src\\styles\\products\\fashion.js","statementMap":{"0":{"start":{"line":3,"column":29},"end":{"line":77,"column":2}}},"fnMap":{},"branchMap":{},"s":{"0":1},"f":{},"b":{},"_coverageSchema":"1a1c01bbd47fc00a2c39e90264f33305004495a9","hash":"aa3ca70cca9507f985ae34c13b124e2d9b9e5bfc"}
,"D:\\react native\\Shopping\\src\\styles\\products\\grocery.js": {"path":"D:\\react native\\Shopping\\src\\styles\\products\\grocery.js","statementMap":{"0":{"start":{"line":3,"column":29},"end":{"line":76,"column":2}}},"fnMap":{},"branchMap":{},"s":{"0":1},"f":{},"b":{},"_coverageSchema":"1a1c01bbd47fc00a2c39e90264f33305004495a9","hash":"e6371994aeb51594ee96220e456e18174d437eab"}
,"D:\\react native\\Shopping\\src\\styles\\products\\mobiles.js": {"path":"D:\\react native\\Shopping\\src\\styles\\products\\mobiles.js","statementMap":{"0":{"start":{"line":3,"column":28},"end":{"line":77,"column":2}}},"fnMap":{},"branchMap":{},"s":{"0":1},"f":{},"b":{},"_coverageSchema":"1a1c01bbd47fc00a2c39e90264f33305004495a9","hash":"b141c2ce2a47e7b8d95e962529b0a697a1e413d1"}
,"D:\\react native\\Shopping\\src\\styles\\products\\productDetails.js": {"path":"D:\\react native\\Shopping\\src\\styles\\products\\productDetails.js","statementMap":{"0":{"start":{"line":3,"column":30},"end":{"line":72,"column":2}}},"fnMap":{},"branchMap":{},"s":{"0":1},"f":{},"b":{},"_coverageSchema":"1a1c01bbd47fc00a2c39e90264f33305004495a9","hash":"484db7ef937cbe5b753e4f801c3f4b96f9e99d38"}
,"D:\\react native\\Shopping\\src\\styles\\userStyles\\myOrders.js": {"path":"D:\\react native\\Shopping\\src\\styles\\userStyles\\myOrders.js","statementMap":{"0":{"start":{"line":3,"column":24},"end":{"line":69,"column":2}}},"fnMap":{},"branchMap":{},"s":{"0":1},"f":{},"b":{},"_coverageSchema":"1a1c01bbd47fc00a2c39e90264f33305004495a9","hash":"c6e9326745619944cfcf422a6f499bb6f6aa4a46"}
,"D:\\react native\\Shopping\\src\\styles\\userStyles\\myWishlist.js": {"path":"D:\\react native\\Shopping\\src\\styles\\userStyles\\myWishlist.js","statementMap":{"0":{"start":{"line":3,"column":26},"end":{"line":64,"column":2}}},"fnMap":{},"branchMap":{},"s":{"0":1},"f":{},"b":{},"_coverageSchema":"1a1c01bbd47fc00a2c39e90264f33305004495a9","hash":"4c2bcccbefdfa4ad1c03fc522d4e0bfd816685e8"}
,"D:\\react native\\Shopping\\src\\styles\\userStyles\\profile.js": {"path":"D:\\react native\\Shopping\\src\\styles\\userStyles\\profile.js","statementMap":{"0":{"start":{"line":2,"column":29},"end":{"line":128,"column":2}}},"fnMap":{},"branchMap":{},"s":{"0":1},"f":{},"b":{},"_coverageSchema":"1a1c01bbd47fc00a2c39e90264f33305004495a9","hash":"6a97c887b36dbdb0bf99428ef7a038c857b3d684"}
}
